Analysis & Synthesis report for top
Fri Apr 24 08:43:17 2026
Quartus Prime Version 20.1.1 Build 720 11/11/2020 SJ Lite Edition


---------------------
; Table of Contents ;
---------------------
  1. Legal Notice
  2. Analysis & Synthesis Summary
  3. Analysis & Synthesis Settings
  4. Parallel Compilation
  5. Analysis & Synthesis Source Files Read
  6. Analysis & Synthesis Resource Usage Summary
  7. Analysis & Synthesis Resource Utilization by Entity
  8. Analysis & Synthesis RAM Summary
  9. State Machine - |top|tx_mux_ctrl:u_tx_mux_ctrl|state
 10. State Machine - |top|uart_decoder:u_uart_decoder|state
 11. State Machine - |top|upload_ctrl:u_upload_ctrl|state
 12. State Machine - |top|capture_ctrl:u_capture_ctrl|state
 13. State Machine - |top|config_ctrl:u_config_ctrl|state
 14. State Machine - |top|uart_rx:u_uart_rx|state
 15. Registers Removed During Synthesis
 16. Removed Registers Triggering Further Register Optimizations
 17. General Register Statistics
 18. Registers Packed Into Inferred Megafunctions
 19. Multiplexer Restructuring Statistics (Restructuring Performed)
 20. Source assignments for sample_ram:u_sample_ram|altsyncram:ram_rtl_0|altsyncram_03h1:auto_generated
 21. Parameter Settings for User Entity Instance: uart_rx:u_uart_rx
 22. Parameter Settings for User Entity Instance: uart_tx:u_uart_tx
 23. Parameter Settings for Inferred Entity Instance: sample_ram:u_sample_ram|altsyncram:ram_rtl_0
 24. altsyncram Parameter Settings by Entity Instance
 25. Port Connectivity Checks: "tx_mux_ctrl:u_tx_mux_ctrl"
 26. Port Connectivity Checks: "spi_decoder:u_spi_decoder"
 27. Port Connectivity Checks: "uart_decoder:u_uart_decoder"
 28. Port Connectivity Checks: "test_signal_gen:u_test_signal_gen"
 29. Port Connectivity Checks: "uart_rx:u_uart_rx"
 30. Post-Synthesis Netlist Statistics for Top Partition
 31. Elapsed Time Per Partition
 32. Analysis & Synthesis Messages



----------------
; Legal Notice ;
----------------
Copyright (C) 2020  Intel Corporation. All rights reserved.
Your use of Intel Corporation's design tools, logic functions 
and other software and tools, and any partner logic 
functions, and any output files from any of the foregoing 
(including device programming or simulation files), and any 
associated documentation or information are expressly subject 
to the terms and conditions of the Intel Program License 
Subscription Agreement, the Intel Quartus Prime License Agreement,
the Intel FPGA IP License Agreement, or other applicable license
agreement, including, without limitation, that your use is for
the sole purpose of programming logic devices manufactured by
Intel and sold by Intel or its authorized distributors.  Please
refer to the applicable agreement for further details, at
https://fpgasoftware.intel.com/eula.



+----------------------------------------------------------------------------------+
; Analysis & Synthesis Summary                                                     ;
+------------------------------------+---------------------------------------------+
; Analysis & Synthesis Status        ; Successful - Fri Apr 24 08:43:17 2026       ;
; Quartus Prime Version              ; 20.1.1 Build 720 11/11/2020 SJ Lite Edition ;
; Revision Name                      ; top                                         ;
; Top-level Entity Name              ; top                                         ;
; Family                             ; Cyclone IV E                                ;
; Total logic elements               ; 473                                         ;
;     Total combinational functions  ; 348                                         ;
;     Dedicated logic registers      ; 295                                         ;
; Total registers                    ; 295                                         ;
; Total pins                         ; 12                                          ;
; Total virtual pins                 ; 0                                           ;
; Total memory bits                  ; 16,384                                      ;
; Embedded Multiplier 9-bit elements ; 0                                           ;
; Total PLLs                         ; 0                                           ;
+------------------------------------+---------------------------------------------+


+------------------------------------------------------------------------------------------------------------+
; Analysis & Synthesis Settings                                                                              ;
+------------------------------------------------------------------+--------------------+--------------------+
; Option                                                           ; Setting            ; Default Value      ;
+------------------------------------------------------------------+--------------------+--------------------+
; Device                                                           ; EP4CE6F17C8        ;                    ;
; Top-level entity name                                            ; top                ; top                ;
; Family name                                                      ; Cyclone IV E       ; Cyclone V          ;
; Use smart compilation                                            ; Off                ; Off                ;
; Enable parallel Assembler and Timing Analyzer during compilation ; On                 ; On                 ;
; Enable compact report table                                      ; Off                ; Off                ;
; Restructure Multiplexers                                         ; Auto               ; Auto               ;
; Create Debugging Nodes for IP Cores                              ; Off                ; Off                ;
; Preserve fewer node names                                        ; On                 ; On                 ;
; Intel FPGA IP Evaluation Mode                                    ; Enable             ; Enable             ;
; Verilog Version                                                  ; Verilog_2001       ; Verilog_2001       ;
; VHDL Version                                                     ; VHDL_1993          ; VHDL_1993          ;
; State Machine Processing                                         ; Auto               ; Auto               ;
; Safe State Machine                                               ; Off                ; Off                ;
; Extract Verilog State Machines                                   ; On                 ; On                 ;
; Extract VHDL State Machines                                      ; On                 ; On                 ;
; Ignore Verilog initial constructs                                ; Off                ; Off                ;
; Iteration limit for constant Verilog loops                       ; 5000               ; 5000               ;
; Iteration limit for non-constant Verilog loops                   ; 250                ; 250                ;
; Add Pass-Through Logic to Inferred RAMs                          ; On                 ; On                 ;
; Infer RAMs from Raw Logic                                        ; On                 ; On                 ;
; Parallel Synthesis                                               ; On                 ; On                 ;
; DSP Block Balancing                                              ; Auto               ; Auto               ;
; NOT Gate Push-Back                                               ; On                 ; On                 ;
; Power-Up Don't Care                                              ; On                 ; On                 ;
; Remove Redundant Logic Cells                                     ; Off                ; Off                ;
; Remove Duplicate Registers                                       ; On                 ; On                 ;
; Ignore CARRY Buffers                                             ; Off                ; Off                ;
; Ignore CASCADE Buffers                                           ; Off                ; Off                ;
; Ignore GLOBAL Buffers                                            ; Off                ; Off                ;
; Ignore ROW GLOBAL Buffers                                        ; Off                ; Off                ;
; Ignore LCELL Buffers                                             ; Off                ; Off                ;
; Ignore SOFT Buffers                                              ; On                 ; On                 ;
; Limit AHDL Integers to 32 Bits                                   ; Off                ; Off                ;
; Optimization Technique                                           ; Balanced           ; Balanced           ;
; Carry Chain Length                                               ; 70                 ; 70                 ;
; Auto Carry Chains                                                ; On                 ; On                 ;
; Auto Open-Drain Pins                                             ; On                 ; On                 ;
; Perform WYSIWYG Primitive Resynthesis                            ; Off                ; Off                ;
; Auto ROM Replacement                                             ; On                 ; On                 ;
; Auto RAM Replacement                                             ; On                 ; On                 ;
; Auto DSP Block Replacement                                       ; On                 ; On                 ;
; Auto Shift Register Replacement                                  ; Auto               ; Auto               ;
; Allow Shift Register Merging across Hierarchies                  ; Auto               ; Auto               ;
; Auto Clock Enable Replacement                                    ; On                 ; On                 ;
; Strict RAM Replacement                                           ; Off                ; Off                ;
; Allow Synchronous Control Signals                                ; On                 ; On                 ;
; Force Use of Synchronous Clear Signals                           ; Off                ; Off                ;
; Auto RAM Block Balancing                                         ; On                 ; On                 ;
; Auto RAM to Logic Cell Conversion                                ; Off                ; Off                ;
; Auto Resource Sharing                                            ; Off                ; Off                ;
; Allow Any RAM Size For Recognition                               ; Off                ; Off                ;
; Allow Any ROM Size For Recognition                               ; Off                ; Off                ;
; Allow Any Shift Register Size For Recognition                    ; Off                ; Off                ;
; Use LogicLock Constraints during Resource Balancing              ; On                 ; On                 ;
; Ignore translate_off and synthesis_off directives                ; Off                ; Off                ;
; Timing-Driven Synthesis                                          ; On                 ; On                 ;
; Report Parameter Settings                                        ; On                 ; On                 ;
; Report Source Assignments                                        ; On                 ; On                 ;
; Report Connectivity Checks                                       ; On                 ; On                 ;
; Ignore Maximum Fan-Out Assignments                               ; Off                ; Off                ;
; Synchronization Register Chain Length                            ; 2                  ; 2                  ;
; Power Optimization During Synthesis                              ; Normal compilation ; Normal compilation ;
; HDL message level                                                ; Level2             ; Level2             ;
; Suppress Register Optimization Related Messages                  ; Off                ; Off                ;
; Number of Removed Registers Reported in Synthesis Report         ; 5000               ; 5000               ;
; Number of Swept Nodes Reported in Synthesis Report               ; 5000               ; 5000               ;
; Number of Inverted Registers Reported in Synthesis Report        ; 100                ; 100                ;
; Clock MUX Protection                                             ; On                 ; On                 ;
; Auto Gated Clock Conversion                                      ; Off                ; Off                ;
; Block Design Naming                                              ; Auto               ; Auto               ;
; SDC constraint protection                                        ; Off                ; Off                ;
; Synthesis Effort                                                 ; Auto               ; Auto               ;
; Shift Register Replacement - Allow Asynchronous Clear Signal     ; On                 ; On                 ;
; Pre-Mapping Resynthesis Optimization                             ; Off                ; Off                ;
; Analysis & Synthesis Message Level                               ; Medium             ; Medium             ;
; Disable Register Merging Across Hierarchies                      ; Auto               ; Auto               ;
; Resource Aware Inference For Block RAM                           ; On                 ; On                 ;
+------------------------------------------------------------------+--------------------+--------------------+


+------------------------------------------+
; Parallel Compilation                     ;
+----------------------------+-------------+
; Processors                 ; Number      ;
+----------------------------+-------------+
; Number detected on machine ; 32          ;
; Maximum allowed            ; 16          ;
;                            ;             ;
; Average used               ; 1.00        ;
; Maximum used               ; 16          ;
;                            ;             ;
; Usage by Processor         ; % Time Used ;
;     Processor 1            ; 100.0%      ;
;     Processors 2-16        ;   0.0%      ;
+----------------------------+-------------+


+----------------------------------------------------------------------------------------------------------------------------------------------------------------------------------------------------------------------------------------------------+
; Analysis & Synthesis Source Files Read                                                                                                                                                                                                             ;
+----------------------------------+-----------------+------------------------------+------------------------------------------------------------------------------------------------------------------------------------------------------+---------+
; File Name with User-Entered Path ; Used in Netlist ; File Type                    ; File Name with Absolute Path                                                                                                                         ; Library ;
+----------------------------------+-----------------+------------------------------+------------------------------------------------------------------------------------------------------------------------------------------------------+---------+
; edge_detect.v                    ; yes             ; User Verilog HDL File        ; C:/Users/12751/Downloads/xwechat_files/wxid_vwwwbav4ynz622_3236/msg/file/2026-04/logic_analyzer_final/logic_analyzer_modified/edge_detect.v          ;         ;
; top.v                            ; yes             ; User Verilog HDL File        ; C:/Users/12751/Downloads/xwechat_files/wxid_vwwwbav4ynz622_3236/msg/file/2026-04/logic_analyzer_final/logic_analyzer_modified/top.v                  ;         ;
; clk_div.v                        ; yes             ; User Verilog HDL File        ; C:/Users/12751/Downloads/xwechat_files/wxid_vwwwbav4ynz622_3236/msg/file/2026-04/logic_analyzer_final/logic_analyzer_modified/clk_div.v              ;         ;
; input_sync.v                     ; yes             ; User Verilog HDL File        ; C:/Users/12751/Downloads/xwechat_files/wxid_vwwwbav4ynz622_3236/msg/file/2026-04/logic_analyzer_final/logic_analyzer_modified/input_sync.v           ;         ;
; sample_ram.v                     ; yes             ; User Verilog HDL File        ; C:/Users/12751/Downloads/xwechat_files/wxid_vwwwbav4ynz622_3236/msg/file/2026-04/logic_analyzer_final/logic_analyzer_modified/sample_ram.v           ;         ;
; capture_ctrl.v                   ; yes             ; User Verilog HDL File        ; C:/Users/12751/Downloads/xwechat_files/wxid_vwwwbav4ynz622_3236/msg/file/2026-04/logic_analyzer_final/logic_analyzer_modified/capture_ctrl.v         ;         ;
; uart_tx.v                        ; yes             ; User Verilog HDL File        ; C:/Users/12751/Downloads/xwechat_files/wxid_vwwwbav4ynz622_3236/msg/file/2026-04/logic_analyzer_final/logic_analyzer_modified/uart_tx.v              ;         ;
; upload_ctrl.v                    ; yes             ; User Verilog HDL File        ; C:/Users/12751/Downloads/xwechat_files/wxid_vwwwbav4ynz622_3236/msg/file/2026-04/logic_analyzer_final/logic_analyzer_modified/upload_ctrl.v          ;         ;
; trigger_ctrl.v                   ; yes             ; User Verilog HDL File        ; C:/Users/12751/Downloads/xwechat_files/wxid_vwwwbav4ynz622_3236/msg/file/2026-04/logic_analyzer_final/logic_analyzer_modified/trigger_ctrl.v         ;         ;
; uart_rx.v                        ; yes             ; User Verilog HDL File        ; C:/Users/12751/Downloads/xwechat_files/wxid_vwwwbav4ynz622_3236/msg/file/2026-04/logic_analyzer_final/logic_analyzer_modified/uart_rx.v              ;         ;
; config_ctrl.v                    ; yes             ; User Verilog HDL File        ; C:/Users/12751/Downloads/xwechat_files/wxid_vwwwbav4ynz622_3236/msg/file/2026-04/logic_analyzer_final/logic_analyzer_modified/config_ctrl.v          ;         ;
; uart_decoder.v                   ; yes             ; User Verilog HDL File        ; C:/Users/12751/Downloads/xwechat_files/wxid_vwwwbav4ynz622_3236/msg/file/2026-04/logic_analyzer_final/logic_analyzer_modified/uart_decoder.v         ;         ;
; spi_decoder.v                    ; yes             ; User Verilog HDL File        ; C:/Users/12751/Downloads/xwechat_files/wxid_vwwwbav4ynz622_3236/msg/file/2026-04/logic_analyzer_final/logic_analyzer_modified/spi_decoder.v          ;         ;
; tx_mux_ctrl.v                    ; yes             ; User Verilog HDL File        ; C:/Users/12751/Downloads/xwechat_files/wxid_vwwwbav4ynz622_3236/msg/file/2026-04/logic_analyzer_final/logic_analyzer_modified/tx_mux_ctrl.v          ;         ;
; test_signal_gen.v                ; yes             ; Auto-Found Verilog HDL File  ; C:/Users/12751/Downloads/xwechat_files/wxid_vwwwbav4ynz622_3236/msg/file/2026-04/logic_analyzer_final/logic_analyzer_modified/test_signal_gen.v      ;         ;
; altsyncram.tdf                   ; yes             ; Megafunction                 ; c:/intelfpga_lite/20.1/quartus/libraries/megafunctions/altsyncram.tdf                                                                                ;         ;
; stratix_ram_block.inc            ; yes             ; Megafunction                 ; c:/intelfpga_lite/20.1/quartus/libraries/megafunctions/stratix_ram_block.inc                                                                         ;         ;
; lpm_mux.inc                      ; yes             ; Megafunction                 ; c:/intelfpga_lite/20.1/quartus/libraries/megafunctions/lpm_mux.inc                                                                                   ;         ;
; lpm_decode.inc                   ; yes             ; Megafunction                 ; c:/intelfpga_lite/20.1/quartus/libraries/megafunctions/lpm_decode.inc                                                                                ;         ;
; aglobal201.inc                   ; yes             ; Megafunction                 ; c:/intelfpga_lite/20.1/quartus/libraries/megafunctions/aglobal201.inc                                                                                ;         ;
; a_rdenreg.inc                    ; yes             ; Megafunction                 ; c:/intelfpga_lite/20.1/quartus/libraries/megafunctions/a_rdenreg.inc                                                                                 ;         ;
; altrom.inc                       ; yes             ; Megafunction                 ; c:/intelfpga_lite/20.1/quartus/libraries/megafunctions/altrom.inc                                                                                    ;         ;
; altram.inc                       ; yes             ; Megafunction                 ; c:/intelfpga_lite/20.1/quartus/libraries/megafunctions/altram.inc                                                                                    ;         ;
; altdpram.inc                     ; yes             ; Megafunction                 ; c:/intelfpga_lite/20.1/quartus/libraries/megafunctions/altdpram.inc                                                                                  ;         ;
; db/altsyncram_03h1.tdf           ; yes             ; Auto-Generated Megafunction  ; C:/Users/12751/Downloads/xwechat_files/wxid_vwwwbav4ynz622_3236/msg/file/2026-04/logic_analyzer_final/logic_analyzer_modified/db/altsyncram_03h1.tdf ;         ;
+----------------------------------+-----------------+------------------------------+------------------------------------------------------------------------------------------------------------------------------------------------------+---------+


+---------------------------------------------------------+
; Analysis & Synthesis Resource Usage Summary             ;
+---------------------------------------------+-----------+
; Resource                                    ; Usage     ;
+---------------------------------------------+-----------+
; Estimated Total logic elements              ; 473       ;
;                                             ;           ;
; Total combinational functions               ; 348       ;
; Logic element usage by number of LUT inputs ;           ;
;     -- 4 input functions                    ; 131       ;
;     -- 3 input functions                    ; 85        ;
;     -- <=2 input functions                  ; 132       ;
;                                             ;           ;
; Logic elements by mode                      ;           ;
;     -- normal mode                          ; 255       ;
;     -- arithmetic mode                      ; 93        ;
;                                             ;           ;
; Total registers                             ; 295       ;
;     -- Dedicated logic registers            ; 295       ;
;     -- I/O registers                        ; 0         ;
;                                             ;           ;
; I/O pins                                    ; 12        ;
; Total memory bits                           ; 16384     ;
;                                             ;           ;
; Embedded Multiplier 9-bit elements          ; 0         ;
;                                             ;           ;
; Maximum fan-out node                        ; clk~input ;
; Maximum fan-out                             ; 303       ;
; Total fan-out                               ; 2103      ;
; Average fan-out                             ; 3.12      ;
+---------------------------------------------+-----------+


+------------------------------------------------------------------------------------------------------------------------------------------------------------------------------------------------------------------------------------------------------------------------------------------+
; Analysis & Synthesis Resource Utilization by Entity                                                                                                                                                                                                                                      ;
+-------------------------------------------+---------------------+---------------------------+-------------+--------------+---------+-----------+------+--------------+----------------------------------------------------------------------------------+-----------------+--------------+
; Compilation Hierarchy Node                ; Combinational ALUTs ; Dedicated Logic Registers ; Memory Bits ; DSP Elements ; DSP 9x9 ; DSP 18x18 ; Pins ; Virtual Pins ; Full Hierarchy Name                                                              ; Entity Name     ; Library Name ;
+-------------------------------------------+---------------------+---------------------------+-------------+--------------+---------+-----------+------+--------------+----------------------------------------------------------------------------------+-----------------+--------------+
; |top                                      ; 348 (7)             ; 295 (0)                   ; 16384       ; 0            ; 0       ; 0         ; 12   ; 0            ; |top                                                                             ; top             ; work         ;
;    |capture_ctrl:u_capture_ctrl|          ; 35 (35)             ; 25 (25)                   ; 0           ; 0            ; 0       ; 0         ; 0    ; 0            ; |top|capture_ctrl:u_capture_ctrl                                                 ; capture_ctrl    ; work         ;
;    |clk_div:u_clk_div|                    ; 57 (57)             ; 17 (17)                   ; 0           ; 0            ; 0       ; 0         ; 0    ; 0            ; |top|clk_div:u_clk_div                                                           ; clk_div         ; work         ;
;    |config_ctrl:u_config_ctrl|            ; 41 (41)             ; 91 (91)                   ; 0           ; 0            ; 0       ; 0         ; 0    ; 0            ; |top|config_ctrl:u_config_ctrl                                                   ; config_ctrl     ; work         ;
;    |edge_detect:u_edge_detect|            ; 16 (16)             ; 24 (24)                   ; 0           ; 0            ; 0       ; 0         ; 0    ; 0            ; |top|edge_detect:u_edge_detect                                                   ; edge_detect     ; work         ;
;    |input_sync:u_input_sync|              ; 0 (0)               ; 16 (16)                   ; 0           ; 0            ; 0       ; 0         ; 0    ; 0            ; |top|input_sync:u_input_sync                                                     ; input_sync      ; work         ;
;    |sample_ram:u_sample_ram|              ; 0 (0)               ; 0 (0)                     ; 16384       ; 0            ; 0       ; 0         ; 0    ; 0            ; |top|sample_ram:u_sample_ram                                                     ; sample_ram      ; work         ;
;       |altsyncram:ram_rtl_0|              ; 0 (0)               ; 0 (0)                     ; 16384       ; 0            ; 0       ; 0         ; 0    ; 0            ; |top|sample_ram:u_sample_ram|altsyncram:ram_rtl_0                                ; altsyncram      ; work         ;
;          |altsyncram_03h1:auto_generated| ; 0 (0)               ; 0 (0)                     ; 16384       ; 0            ; 0       ; 0         ; 0    ; 0            ; |top|sample_ram:u_sample_ram|altsyncram:ram_rtl_0|altsyncram_03h1:auto_generated ; altsyncram_03h1 ; work         ;
;    |trigger_ctrl:u_trigger_ctrl|          ; 27 (27)             ; 1 (1)                     ; 0           ; 0            ; 0       ; 0         ; 0    ; 0            ; |top|trigger_ctrl:u_trigger_ctrl                                                 ; trigger_ctrl    ; work         ;
;    |tx_mux_ctrl:u_tx_mux_ctrl|            ; 1 (1)               ; 9 (9)                     ; 0           ; 0            ; 0       ; 0         ; 0    ; 0            ; |top|tx_mux_ctrl:u_tx_mux_ctrl                                                   ; tx_mux_ctrl     ; work         ;
;    |uart_rx:u_uart_rx|                    ; 60 (60)             ; 40 (40)                   ; 0           ; 0            ; 0       ; 0         ; 0    ; 0            ; |top|uart_rx:u_uart_rx                                                           ; uart_rx         ; work         ;
;    |uart_tx:u_uart_tx|                    ; 43 (43)             ; 32 (32)                   ; 0           ; 0            ; 0       ; 0         ; 0    ; 0            ; |top|uart_tx:u_uart_tx                                                           ; uart_tx         ; work         ;
;    |upload_ctrl:u_upload_ctrl|            ; 61 (61)             ; 40 (40)                   ; 0           ; 0            ; 0       ; 0         ; 0    ; 0            ; |top|upload_ctrl:u_upload_ctrl                                                   ; upload_ctrl     ; work         ;
+-------------------------------------------+---------------------+---------------------------+-------------+--------------+---------+-----------+------+--------------+----------------------------------------------------------------------------------+-----------------+--------------+
Note: For table entries with two numbers listed, the numbers in parentheses indicate the number of resources of the given type used by the specific entity alone. The numbers listed outside of parentheses indicate the total resources of the given type used by the specific entity and all of its sub-entities in the hierarchy.


+---------------------------------------------------------------------------------------------------------------------------------------------------------------------------------------------+
; Analysis & Synthesis RAM Summary                                                                                                                                                            ;
+----------------------------------------------------------------------------------------+------+------------------+--------------+--------------+--------------+--------------+-------+------+
; Name                                                                                   ; Type ; Mode             ; Port A Depth ; Port A Width ; Port B Depth ; Port B Width ; Size  ; MIF  ;
+----------------------------------------------------------------------------------------+------+------------------+--------------+--------------+--------------+--------------+-------+------+
; sample_ram:u_sample_ram|altsyncram:ram_rtl_0|altsyncram_03h1:auto_generated|ALTSYNCRAM ; AUTO ; Simple Dual Port ; 2048         ; 8            ; 2048         ; 8            ; 16384 ; None ;
+----------------------------------------------------------------------------------------+------+------------------+--------------+--------------+--------------+--------------+-------+------+


Encoding Type:  One-Hot
+----------------------------------------------------------------------------------------------------------------+
; State Machine - |top|tx_mux_ctrl:u_tx_mux_ctrl|state                                                           ;
+-------------------+------------------+-------------------+-------------------+--------------+------------------+
; Name              ; state.S_SPI_MOSI ; state.S_SPI_HEAD2 ; state.S_SPI_HEAD1 ; state.S_IDLE ; state.S_SPI_MISO ;
+-------------------+------------------+-------------------+-------------------+--------------+------------------+
; state.S_IDLE      ; 0                ; 0                 ; 0                 ; 0            ; 0                ;
; state.S_SPI_HEAD1 ; 0                ; 0                 ; 1                 ; 1            ; 0                ;
; state.S_SPI_HEAD2 ; 0                ; 1                 ; 0                 ; 1            ; 0                ;
; state.S_SPI_MOSI  ; 1                ; 0                 ; 0                 ; 1            ; 0                ;
; state.S_SPI_MISO  ; 0                ; 0                 ; 0                 ; 1            ; 1                ;
+-------------------+------------------+-------------------+-------------------+--------------+------------------+


Encoding Type:  One-Hot
+----------------------------------------------------------------------------+
; State Machine - |top|uart_decoder:u_uart_decoder|state                     ;
+---------------+--------------+--------------+---------------+--------------+
; Name          ; state.S_STOP ; state.S_DATA ; state.S_START ; state.S_IDLE ;
+---------------+--------------+--------------+---------------+--------------+
; state.S_IDLE  ; 0            ; 0            ; 0             ; 0            ;
; state.S_START ; 0            ; 0            ; 1             ; 1            ;
; state.S_DATA  ; 0            ; 1            ; 0             ; 1            ;
; state.S_STOP  ; 1            ; 0            ; 0             ; 1            ;
+---------------+--------------+--------------+---------------+--------------+


Encoding Type:  One-Hot
+-----------------------------------------------------------------------------------------------------------------------------------------------------------------------------------------------------------------------+
; State Machine - |top|upload_ctrl:u_upload_ctrl|state                                                                                                                                                                  ;
+--------------------+------------------+-------------------+-------------------+--------------------+-----------------+-------------------+--------------------+-------------------+--------------------+--------------+
; Name               ; state.S_CKS_WAIT ; state.S_CKS_START ; state.S_DATA_WAIT ; state.S_DATA_START ; state.S_RD_WAIT ; state.S_HDR2_WAIT ; state.S_HDR2_START ; state.S_HDR1_WAIT ; state.S_HDR1_START ; state.S_IDLE ;
+--------------------+------------------+-------------------+-------------------+--------------------+-----------------+-------------------+--------------------+-------------------+--------------------+--------------+
; state.S_IDLE       ; 0                ; 0                 ; 0                 ; 0                  ; 0               ; 0                 ; 0                  ; 0                 ; 0                  ; 0            ;
; state.S_HDR1_START ; 0                ; 0                 ; 0                 ; 0                  ; 0               ; 0                 ; 0                  ; 0                 ; 1                  ; 1            ;
; state.S_HDR1_WAIT  ; 0                ; 0                 ; 0                 ; 0                  ; 0               ; 0                 ; 0                  ; 1                 ; 0                  ; 1            ;
; state.S_HDR2_START ; 0                ; 0                 ; 0                 ; 0                  ; 0               ; 0                 ; 1                  ; 0                 ; 0                  ; 1            ;
; state.S_HDR2_WAIT  ; 0                ; 0                 ; 0                 ; 0                  ; 0               ; 1                 ; 0                  ; 0                 ; 0                  ; 1            ;
; state.S_RD_WAIT    ; 0                ; 0                 ; 0                 ; 0                  ; 1               ; 0                 ; 0                  ; 0                 ; 0                  ; 1            ;
; state.S_DATA_START ; 0                ; 0                 ; 0                 ; 1                  ; 0               ; 0                 ; 0                  ; 0                 ; 0                  ; 1            ;
; state.S_DATA_WAIT  ; 0                ; 0                 ; 1                 ; 0                  ; 0               ; 0                 ; 0                  ; 0                 ; 0                  ; 1            ;
; state.S_CKS_START  ; 0                ; 1                 ; 0                 ; 0                  ; 0               ; 0                 ; 0                  ; 0                 ; 0                  ; 1            ;
; state.S_CKS_WAIT   ; 1                ; 0                 ; 0                 ; 0                  ; 0               ; 0                 ; 0                  ; 0                 ; 0                  ; 1            ;
+--------------------+------------------+-------------------+-------------------+--------------------+-----------------+-------------------+--------------------+-------------------+--------------------+--------------+


Encoding Type:  One-Hot
+---------------------------------------------------------------------------------------------+
; State Machine - |top|capture_ctrl:u_capture_ctrl|state                                      ;
+----------------------+--------------+-----------------+----------------------+--------------+
; Name                 ; state.S_DONE ; state.S_CAPTURE ; state.S_WAIT_TRIGGER ; state.S_IDLE ;
+----------------------+--------------+-----------------+----------------------+--------------+
; state.S_IDLE         ; 0            ; 0               ; 0                    ; 0            ;
; state.S_WAIT_TRIGGER ; 0            ; 0               ; 1                    ; 1            ;
; state.S_CAPTURE      ; 0            ; 1               ; 0                    ; 1            ;
; state.S_DONE         ; 1            ; 0               ; 0                    ; 1            ;
+----------------------+--------------+-----------------+----------------------+--------------+


Encoding Type:  One-Hot
+----------------------------------------------------------------------------------------------------------------------------------------+
; State Machine - |top|config_ctrl:u_config_ctrl|state                                                                                   ;
+-----------------+-------------+------------+------------+--------------+-------------+-------------+-----------------+-----------------+
; Name            ; state.S_CKS ; state.S_P2 ; state.S_P1 ; state.S_MODE ; state.S_DIV ; state.S_CMD ; state.S_WAIT_55 ; state.S_WAIT_AA ;
+-----------------+-------------+------------+------------+--------------+-------------+-------------+-----------------+-----------------+
; state.S_WAIT_AA ; 0           ; 0          ; 0          ; 0            ; 0           ; 0           ; 0               ; 0               ;
; state.S_WAIT_55 ; 0           ; 0          ; 0          ; 0            ; 0           ; 0           ; 1               ; 1               ;
; state.S_CMD     ; 0           ; 0          ; 0          ; 0            ; 0           ; 1           ; 0               ; 1               ;
; state.S_DIV     ; 0           ; 0          ; 0          ; 0            ; 1           ; 0           ; 0               ; 1               ;
; state.S_MODE    ; 0           ; 0          ; 0          ; 1            ; 0           ; 0           ; 0               ; 1               ;
; state.S_P1      ; 0           ; 0          ; 1          ; 0            ; 0           ; 0           ; 0               ; 1               ;
; state.S_P2      ; 0           ; 1          ; 0          ; 0            ; 0           ; 0           ; 0               ; 1               ;
; state.S_CKS     ; 1           ; 0          ; 0          ; 0            ; 0           ; 0           ; 0               ; 1               ;
+-----------------+-------------+------------+------------+--------------+-------------+-------------+-----------------+-----------------+


Encoding Type:  One-Hot
+----------------------------------------------------------------------------+
; State Machine - |top|uart_rx:u_uart_rx|state                               ;
+---------------+--------------+--------------+---------------+--------------+
; Name          ; state.S_STOP ; state.S_DATA ; state.S_START ; state.S_IDLE ;
+---------------+--------------+--------------+---------------+--------------+
; state.S_IDLE  ; 0            ; 0            ; 0             ; 0            ;
; state.S_START ; 0            ; 0            ; 1             ; 1            ;
; state.S_DATA  ; 0            ; 1            ; 0             ; 1            ;
; state.S_STOP  ; 1            ; 0            ; 0             ; 1            ;
+---------------+--------------+--------------+---------------+--------------+


+-----------------------------------------------------------------------------------------------------------+
; Registers Removed During Synthesis                                                                        ;
+-------------------------------------------------+---------------------------------------------------------+
; Register name                                   ; Reason for Removal                                      ;
+-------------------------------------------------+---------------------------------------------------------+
; tx_mux_ctrl:u_tx_mux_ctrl|spi_mosi_latch[5]     ; Merged with tx_mux_ctrl:u_tx_mux_ctrl|spi_miso_latch[0] ;
; tx_mux_ctrl:u_tx_mux_ctrl|spi_miso_latch[6]     ; Merged with tx_mux_ctrl:u_tx_mux_ctrl|spi_miso_latch[0] ;
; tx_mux_ctrl:u_tx_mux_ctrl|spi_mosi_latch[2]     ; Merged with tx_mux_ctrl:u_tx_mux_ctrl|spi_miso_latch[0] ;
; tx_mux_ctrl:u_tx_mux_ctrl|spi_miso_latch[1,4]   ; Merged with tx_mux_ctrl:u_tx_mux_ctrl|spi_miso_latch[0] ;
; tx_mux_ctrl:u_tx_mux_ctrl|spi_mosi_latch[0,3,7] ; Merged with tx_mux_ctrl:u_tx_mux_ctrl|spi_miso_latch[0] ;
; tx_mux_ctrl:u_tx_mux_ctrl|spi_miso_latch[5,7]   ; Merged with tx_mux_ctrl:u_tx_mux_ctrl|spi_miso_latch[0] ;
; tx_mux_ctrl:u_tx_mux_ctrl|spi_mosi_latch[1]     ; Merged with tx_mux_ctrl:u_tx_mux_ctrl|spi_miso_latch[0] ;
; tx_mux_ctrl:u_tx_mux_ctrl|spi_miso_latch[3]     ; Merged with tx_mux_ctrl:u_tx_mux_ctrl|spi_miso_latch[0] ;
; tx_mux_ctrl:u_tx_mux_ctrl|spi_mosi_latch[4,6]   ; Merged with tx_mux_ctrl:u_tx_mux_ctrl|spi_miso_latch[0] ;
; tx_mux_ctrl:u_tx_mux_ctrl|spi_miso_latch[2]     ; Merged with tx_mux_ctrl:u_tx_mux_ctrl|spi_miso_latch[0] ;
; tx_mux_ctrl:u_tx_mux_ctrl|spi_miso_latch[0]     ; Stuck at GND due to stuck port data_in                  ;
; uart_tx:u_uart_tx|tx_shift[9]                   ; Stuck at VCC due to stuck port data_in                  ;
; tx_mux_ctrl:u_tx_mux_ctrl|state~9               ; Lost fanout                                             ;
; tx_mux_ctrl:u_tx_mux_ctrl|state~10              ; Lost fanout                                             ;
; uart_decoder:u_uart_decoder|state~8             ; Lost fanout                                             ;
; uart_decoder:u_uart_decoder|state~9             ; Lost fanout                                             ;
; upload_ctrl:u_upload_ctrl|state~14              ; Lost fanout                                             ;
; upload_ctrl:u_upload_ctrl|state~15              ; Lost fanout                                             ;
; upload_ctrl:u_upload_ctrl|state~16              ; Lost fanout                                             ;
; upload_ctrl:u_upload_ctrl|state~17              ; Lost fanout                                             ;
; capture_ctrl:u_capture_ctrl|state~8             ; Lost fanout                                             ;
; capture_ctrl:u_capture_ctrl|state~9             ; Lost fanout                                             ;
; config_ctrl:u_config_ctrl|state~12              ; Lost fanout                                             ;
; config_ctrl:u_config_ctrl|state~13              ; Lost fanout                                             ;
; config_ctrl:u_config_ctrl|state~14              ; Lost fanout                                             ;
; uart_rx:u_uart_rx|state~8                       ; Lost fanout                                             ;
; uart_rx:u_uart_rx|state~9                       ; Lost fanout                                             ;
; uart_decoder:u_uart_decoder|baud_cnt[0..15]     ; Lost fanout                                             ;
; uart_decoder:u_uart_decoder|bit_cnt[0..2]       ; Lost fanout                                             ;
; uart_decoder:u_uart_decoder|state.S_IDLE        ; Lost fanout                                             ;
; uart_decoder:u_uart_decoder|state.S_START       ; Lost fanout                                             ;
; uart_decoder:u_uart_decoder|state.S_DATA        ; Lost fanout                                             ;
; uart_decoder:u_uart_decoder|state.S_STOP        ; Lost fanout                                             ;
; tx_mux_ctrl:u_tx_mux_ctrl|state.S_SPI_HEAD1     ; Stuck at GND due to stuck port data_in                  ;
; tx_mux_ctrl:u_tx_mux_ctrl|state.S_SPI_HEAD2     ; Stuck at GND due to stuck port data_in                  ;
; tx_mux_ctrl:u_tx_mux_ctrl|state.S_SPI_MOSI      ; Stuck at GND due to stuck port data_in                  ;
; tx_mux_ctrl:u_tx_mux_ctrl|state.S_SPI_MISO      ; Stuck at GND due to stuck port data_in                  ;
; tx_mux_ctrl:u_tx_mux_ctrl|state.S_IDLE          ; Stuck at GND due to stuck port data_in                  ;
; Total Number of Removed Registers = 60          ;                                                         ;
+-------------------------------------------------+---------------------------------------------------------+


+---------------------------------------------------------------------------------------------------------------------------------------------------------------+
; Removed Registers Triggering Further Register Optimizations                                                                                                   ;
+---------------------------------------------+---------------------------+-------------------------------------------------------------------------------------+
; Register name                               ; Reason for Removal        ; Registers Removed due to This Register                                              ;
+---------------------------------------------+---------------------------+-------------------------------------------------------------------------------------+
; uart_decoder:u_uart_decoder|state~8         ; Lost Fanouts              ; uart_decoder:u_uart_decoder|baud_cnt[15], uart_decoder:u_uart_decoder|baud_cnt[14], ;
;                                             ;                           ; uart_decoder:u_uart_decoder|baud_cnt[13], uart_decoder:u_uart_decoder|baud_cnt[12], ;
;                                             ;                           ; uart_decoder:u_uart_decoder|baud_cnt[11], uart_decoder:u_uart_decoder|baud_cnt[10], ;
;                                             ;                           ; uart_decoder:u_uart_decoder|baud_cnt[9], uart_decoder:u_uart_decoder|baud_cnt[8],   ;
;                                             ;                           ; uart_decoder:u_uart_decoder|baud_cnt[7], uart_decoder:u_uart_decoder|baud_cnt[6],   ;
;                                             ;                           ; uart_decoder:u_uart_decoder|baud_cnt[5], uart_decoder:u_uart_decoder|baud_cnt[4],   ;
;                                             ;                           ; uart_decoder:u_uart_decoder|baud_cnt[3], uart_decoder:u_uart_decoder|baud_cnt[2],   ;
;                                             ;                           ; uart_decoder:u_uart_decoder|baud_cnt[1], uart_decoder:u_uart_decoder|baud_cnt[0],   ;
;                                             ;                           ; uart_decoder:u_uart_decoder|state.S_IDLE,                                           ;
;                                             ;                           ; uart_decoder:u_uart_decoder|state.S_START                                           ;
; uart_decoder:u_uart_decoder|bit_cnt[2]      ; Lost Fanouts              ; uart_decoder:u_uart_decoder|bit_cnt[1], uart_decoder:u_uart_decoder|bit_cnt[0],     ;
;                                             ;                           ; uart_decoder:u_uart_decoder|state.S_STOP                                            ;
; tx_mux_ctrl:u_tx_mux_ctrl|state.S_SPI_HEAD1 ; Stuck at GND              ; tx_mux_ctrl:u_tx_mux_ctrl|state.S_SPI_MISO, tx_mux_ctrl:u_tx_mux_ctrl|state.S_IDLE  ;
;                                             ; due to stuck port data_in ;                                                                                     ;
; uart_decoder:u_uart_decoder|state~9         ; Lost Fanouts              ; uart_decoder:u_uart_decoder|state.S_DATA                                            ;
; tx_mux_ctrl:u_tx_mux_ctrl|state.S_SPI_HEAD2 ; Stuck at GND              ; tx_mux_ctrl:u_tx_mux_ctrl|state.S_SPI_MOSI                                          ;
;                                             ; due to stuck port data_in ;                                                                                     ;
+---------------------------------------------+---------------------------+-------------------------------------------------------------------------------------+


+------------------------------------------------------+
; General Register Statistics                          ;
+----------------------------------------------+-------+
; Statistic                                    ; Value ;
+----------------------------------------------+-------+
; Total registers                              ; 295   ;
; Number of registers using Synchronous Clear  ; 71    ;
; Number of registers using Synchronous Load   ; 9     ;
; Number of registers using Asynchronous Clear ; 0     ;
; Number of registers using Asynchronous Load  ; 0     ;
; Number of registers using Clock Enable       ; 179   ;
; Number of registers using Preset             ; 0     ;
+----------------------------------------------+-------+


+----------------------------------------------------------------------------------+
; Registers Packed Into Inferred Megafunctions                                     ;
+---------------------------------------+-----------------------------------+------+
; Register Name                         ; Megafunction                      ; Type ;
+---------------------------------------+-----------------------------------+------+
; sample_ram:u_sample_ram|rd_data[0..7] ; sample_ram:u_sample_ram|ram_rtl_0 ; RAM  ;
+---------------------------------------+-----------------------------------+------+


+---------------------------------------------------------------------------------------------------------------------------------------------------------------+
; Multiplexer Restructuring Statistics (Restructuring Performed)                                                                                                ;
+--------------------+-----------+---------------+----------------------+------------------------+------------+-------------------------------------------------+
; Multiplexer Inputs ; Bus Width ; Baseline Area ; Area if Restructured ; Saving if Restructured ; Registered ; Example Multiplexer Output                      ;
+--------------------+-----------+---------------+----------------------+------------------------+------------+-------------------------------------------------+
; 3:1                ; 7 bits    ; 14 LEs        ; 7 LEs                ; 7 LEs                  ; Yes        ; |top|uart_tx:u_uart_tx|tx_shift[4]              ;
; 3:1                ; 16 bits   ; 32 LEs        ; 16 LEs               ; 16 LEs                 ; Yes        ; |top|clk_div:u_clk_div|cnt[1]                   ;
; 4:1                ; 4 bits    ; 8 LEs         ; 4 LEs                ; 4 LEs                  ; Yes        ; |top|uart_tx:u_uart_tx|bit_cnt[1]               ;
; 4:1                ; 16 bits   ; 32 LEs        ; 16 LEs               ; 16 LEs                 ; Yes        ; |top|uart_tx:u_uart_tx|baud_cnt[8]              ;
; 4:1                ; 3 bits    ; 6 LEs         ; 3 LEs                ; 3 LEs                  ; Yes        ; |top|config_ctrl:u_config_ctrl|cmd_start        ;
; 4:1                ; 3 bits    ; 6 LEs         ; 3 LEs                ; 3 LEs                  ; Yes        ; |top|tx_mux_ctrl:u_tx_mux_ctrl|tx_data[7]       ;
; 5:1                ; 16 bits   ; 48 LEs        ; 16 LEs               ; 32 LEs                 ; Yes        ; |top|uart_decoder:u_uart_decoder|baud_cnt[13]   ;
; 5:1                ; 16 bits   ; 48 LEs        ; 16 LEs               ; 32 LEs                 ; Yes        ; |top|uart_rx:u_uart_rx|baud_cnt[10]             ;
; 6:1                ; 11 bits   ; 44 LEs        ; 11 LEs               ; 33 LEs                 ; Yes        ; |top|upload_ctrl:u_upload_ctrl|ram_rd_addr[2]   ;
; 6:1                ; 2 bits    ; 8 LEs         ; 4 LEs                ; 4 LEs                  ; Yes        ; |top|tx_mux_ctrl:u_tx_mux_ctrl|tx_data[4]       ;
; 6:1                ; 2 bits    ; 8 LEs         ; 4 LEs                ; 4 LEs                  ; Yes        ; |top|tx_mux_ctrl:u_tx_mux_ctrl|tx_data[0]       ;
; 9:1                ; 8 bits    ; 48 LEs        ; 16 LEs               ; 32 LEs                 ; Yes        ; |top|upload_ctrl:u_upload_ctrl|tx_data[1]       ;
; 10:1               ; 11 bits   ; 66 LEs        ; 11 LEs               ; 55 LEs                 ; Yes        ; |top|capture_ctrl:u_capture_ctrl|ram_wr_addr[4] ;
; 9:1                ; 8 bits    ; 48 LEs        ; 16 LEs               ; 32 LEs                 ; Yes        ; |top|config_ctrl:u_config_ctrl|checksum_acc[1]  ;
; 3:1                ; 3 bits    ; 6 LEs         ; 6 LEs                ; 0 LEs                  ; No         ; |top|uart_decoder:u_uart_decoder|bit_cnt        ;
; 3:1                ; 3 bits    ; 6 LEs         ; 6 LEs                ; 0 LEs                  ; No         ; |top|uart_rx:u_uart_rx|bit_cnt                  ;
; 7:1                ; 4 bits    ; 16 LEs        ; 12 LEs               ; 4 LEs                  ; No         ; |top|uart_decoder:u_uart_decoder|Selector20     ;
; 8:1                ; 2 bits    ; 10 LEs        ; 4 LEs                ; 6 LEs                  ; No         ; |top|uart_rx:u_uart_rx|Selector20               ;
; 8:1                ; 2 bits    ; 10 LEs        ; 4 LEs                ; 6 LEs                  ; No         ; |top|uart_rx:u_uart_rx|Selector19               ;
; 9:1                ; 2 bits    ; 12 LEs        ; 6 LEs                ; 6 LEs                  ; No         ; |top|capture_ctrl:u_capture_ctrl|Selector14     ;
; 9:1                ; 2 bits    ; 12 LEs        ; 8 LEs                ; 4 LEs                  ; No         ; |top|capture_ctrl:u_capture_ctrl|Selector12     ;
; 7:1                ; 2 bits    ; 8 LEs         ; 4 LEs                ; 4 LEs                  ; No         ; |top|upload_ctrl:u_upload_ctrl|Selector25       ;
+--------------------+-----------+---------------+----------------------+------------------------+------------+-------------------------------------------------+


+----------------------------------------------------------------------------------------------------+
; Source assignments for sample_ram:u_sample_ram|altsyncram:ram_rtl_0|altsyncram_03h1:auto_generated ;
+---------------------------------+--------------------+------+--------------------------------------+
; Assignment                      ; Value              ; From ; To                                   ;
+---------------------------------+--------------------+------+--------------------------------------+
; OPTIMIZE_POWER_DURING_SYNTHESIS ; NORMAL_COMPILATION ; -    ; -                                    ;
+---------------------------------+--------------------+------+--------------------------------------+


+----------------------------------------------------------------+
; Parameter Settings for User Entity Instance: uart_rx:u_uart_rx ;
+----------------+-------+---------------------------------------+
; Parameter Name ; Value ; Type                                  ;
+----------------+-------+---------------------------------------+
; BAUD_DIV       ; 434   ; Signed Integer                        ;
+----------------+-------+---------------------------------------+
Note: In order to hide this table in the UI and the text report file, please set the "Show Parameter Settings in Synthesis Report" option in "Analysis and Synthesis Settings -> More Settings" to "Off".


+----------------------------------------------------------------+
; Parameter Settings for User Entity Instance: uart_tx:u_uart_tx ;
+----------------+-------+---------------------------------------+
; Parameter Name ; Value ; Type                                  ;
+----------------+-------+---------------------------------------+
; BAUD_DIV       ; 434   ; Signed Integer                        ;
+----------------+-------+---------------------------------------+
Note: In order to hide this table in the UI and the text report file, please set the "Show Parameter Settings in Synthesis Report" option in "Analysis and Synthesis Settings -> More Settings" to "Off".


+-----------------------------------------------------------------------------------------------+
; Parameter Settings for Inferred Entity Instance: sample_ram:u_sample_ram|altsyncram:ram_rtl_0 ;
+------------------------------------+----------------------+-----------------------------------+
; Parameter Name                     ; Value                ; Type                              ;
+------------------------------------+----------------------+-----------------------------------+
; BYTE_SIZE_BLOCK                    ; 8                    ; Untyped                           ;
; AUTO_CARRY_CHAINS                  ; ON                   ; AUTO_CARRY                        ;
; IGNORE_CARRY_BUFFERS               ; OFF                  ; IGNORE_CARRY                      ;
; AUTO_CASCADE_CHAINS                ; ON                   ; AUTO_CASCADE                      ;
; IGNORE_CASCADE_BUFFERS             ; OFF                  ; IGNORE_CASCADE                    ;
; WIDTH_BYTEENA                      ; 1                    ; Untyped                           ;
; OPERATION_MODE                     ; DUAL_PORT            ; Untyped                           ;
; WIDTH_A                            ; 8                    ; Untyped                           ;
; WIDTHAD_A                          ; 11                   ; Untyped                           ;
; NUMWORDS_A                         ; 2048                 ; Untyped                           ;
; OUTDATA_REG_A                      ; UNREGISTERED         ; Untyped                           ;
; ADDRESS_ACLR_A                     ; NONE                 ; Untyped                           ;
; OUTDATA_ACLR_A                     ; NONE                 ; Untyped                           ;
; WRCONTROL_ACLR_A                   ; NONE                 ; Untyped                           ;
; INDATA_ACLR_A                      ; NONE                 ; Untyped                           ;
; BYTEENA_ACLR_A                     ; NONE                 ; Untyped                           ;
; WIDTH_B                            ; 8                    ; Untyped                           ;
; WIDTHAD_B                          ; 11                   ; Untyped                           ;
; NUMWORDS_B                         ; 2048                 ; Untyped                           ;
; INDATA_REG_B                       ; CLOCK1               ; Untyped                           ;
; WRCONTROL_WRADDRESS_REG_B          ; CLOCK1               ; Untyped                           ;
; RDCONTROL_REG_B                    ; CLOCK1               ; Untyped                           ;
; ADDRESS_REG_B                      ; CLOCK0               ; Untyped                           ;
; OUTDATA_REG_B                      ; UNREGISTERED         ; Untyped                           ;
; BYTEENA_REG_B                      ; CLOCK1               ; Untyped                           ;
; INDATA_ACLR_B                      ; NONE                 ; Untyped                           ;
; WRCONTROL_ACLR_B                   ; NONE                 ; Untyped                           ;
; ADDRESS_ACLR_B                     ; NONE                 ; Untyped                           ;
; OUTDATA_ACLR_B                     ; NONE                 ; Untyped                           ;
; RDCONTROL_ACLR_B                   ; NONE                 ; Untyped                           ;
; BYTEENA_ACLR_B                     ; NONE                 ; Untyped                           ;
; WIDTH_BYTEENA_A                    ; 1                    ; Untyped                           ;
; WIDTH_BYTEENA_B                    ; 1                    ; Untyped                           ;
; RAM_BLOCK_TYPE                     ; AUTO                 ; Untyped                           ;
; BYTE_SIZE                          ; 8                    ; Untyped                           ;
; READ_DURING_WRITE_MODE_MIXED_PORTS ; OLD_DATA             ; Untyped                           ;
; READ_DURING_WRITE_MODE_PORT_A      ; NEW_DATA_NO_NBE_READ ; Untyped                           ;
; READ_DURING_WRITE_MODE_PORT_B      ; NEW_DATA_NO_NBE_READ ; Untyped                           ;
; INIT_FILE                          ; UNUSED               ; Untyped                           ;
; INIT_FILE_LAYOUT                   ; PORT_A               ; Untyped                           ;
; MAXIMUM_DEPTH                      ; 0                    ; Untyped                           ;
; CLOCK_ENABLE_INPUT_A               ; NORMAL               ; Untyped                           ;
; CLOCK_ENABLE_INPUT_B               ; NORMAL               ; Untyped                           ;
; CLOCK_ENABLE_OUTPUT_A              ; NORMAL               ; Untyped                           ;
; CLOCK_ENABLE_OUTPUT_B              ; NORMAL               ; Untyped                           ;
; CLOCK_ENABLE_CORE_A                ; USE_INPUT_CLKEN      ; Untyped                           ;
; CLOCK_ENABLE_CORE_B                ; USE_INPUT_CLKEN      ; Untyped                           ;
; ENABLE_ECC                         ; FALSE                ; Untyped                           ;
; ECC_PIPELINE_STAGE_ENABLED         ; FALSE                ; Untyped                           ;
; WIDTH_ECCSTATUS                    ; 3                    ; Untyped                           ;
; DEVICE_FAMILY                      ; Cyclone IV E         ; Untyped                           ;
; CBXI_PARAMETER                     ; altsyncram_03h1      ; Untyped                           ;
+------------------------------------+----------------------+-----------------------------------+
Note: In order to hide this table in the UI and the text report file, please set the "Show Parameter Settings in Synthesis Report" option in "Analysis and Synthesis Settings -> More Settings" to "Off".


+------------------------------------------------------------------------------------------+
; altsyncram Parameter Settings by Entity Instance                                         ;
+-------------------------------------------+----------------------------------------------+
; Name                                      ; Value                                        ;
+-------------------------------------------+----------------------------------------------+
; Number of entity instances                ; 1                                            ;
; Entity Instance                           ; sample_ram:u_sample_ram|altsyncram:ram_rtl_0 ;
;     -- OPERATION_MODE                     ; DUAL_PORT                                    ;
;     -- WIDTH_A                            ; 8                                            ;
;     -- NUMWORDS_A                         ; 2048                                         ;
;     -- OUTDATA_REG_A                      ; UNREGISTERED                                 ;
;     -- WIDTH_B                            ; 8                                            ;
;     -- NUMWORDS_B                         ; 2048                                         ;
;     -- ADDRESS_REG_B                      ; CLOCK0                                       ;
;     -- OUTDATA_REG_B                      ; UNREGISTERED                                 ;
;     -- RAM_BLOCK_TYPE                     ; AUTO                                         ;
;     -- READ_DURING_WRITE_MODE_MIXED_PORTS ; OLD_DATA                                     ;
+-------------------------------------------+----------------------------------------------+


+-------------------------------------------------------+
; Port Connectivity Checks: "tx_mux_ctrl:u_tx_mux_ctrl" ;
+----------------+-------+----------+-------------------+
; Port           ; Type  ; Severity ; Details           ;
+----------------+-------+----------+-------------------+
; uart_dec_valid ; Input ; Info     ; Stuck at GND      ;
; uart_dec_byte  ; Input ; Info     ; Stuck at GND      ;
; spi_dec_valid  ; Input ; Info     ; Stuck at GND      ;
; spi_mosi_byte  ; Input ; Info     ; Stuck at GND      ;
; spi_miso_byte  ; Input ; Info     ; Stuck at GND      ;
+----------------+-------+----------+-------------------+


+----------------------------------------------------------------------------------------------------------------------+
; Port Connectivity Checks: "spi_decoder:u_spi_decoder"                                                                ;
+------------+--------+----------+-------------------------------------------------------------------------------------+
; Port       ; Type   ; Severity ; Details                                                                             ;
+------------+--------+----------+-------------------------------------------------------------------------------------+
; spi_sclk   ; Input  ; Info     ; Stuck at GND                                                                        ;
; spi_mosi   ; Input  ; Info     ; Stuck at GND                                                                        ;
; spi_miso   ; Input  ; Info     ; Stuck at GND                                                                        ;
; spi_cs_n   ; Input  ; Info     ; Stuck at VCC                                                                        ;
; mosi_byte  ; Output ; Info     ; Connected to dangling logic. Logic that only feeds a dangling port will be removed. ;
; miso_byte  ; Output ; Info     ; Connected to dangling logic. Logic that only feeds a dangling port will be removed. ;
; byte_valid ; Output ; Info     ; Connected to dangling logic. Logic that only feeds a dangling port will be removed. ;
+------------+--------+----------+-------------------------------------------------------------------------------------+


+---------------------------------------------------------------------------------------------------------------------------+
; Port Connectivity Checks: "uart_decoder:u_uart_decoder"                                                                   ;
+-----------------+--------+----------+-------------------------------------------------------------------------------------+
; Port            ; Type   ; Severity ; Details                                                                             ;
+-----------------+--------+----------+-------------------------------------------------------------------------------------+
; uart_rx_sig     ; Input  ; Info     ; Stuck at GND                                                                        ;
; baud_div[8..7]  ; Input  ; Info     ; Stuck at VCC                                                                        ;
; baud_div[5..4]  ; Input  ; Info     ; Stuck at VCC                                                                        ;
; baud_div[15..9] ; Input  ; Info     ; Stuck at GND                                                                        ;
; baud_div[3..2]  ; Input  ; Info     ; Stuck at GND                                                                        ;
; baud_div[6]     ; Input  ; Info     ; Stuck at GND                                                                        ;
; baud_div[1]     ; Input  ; Info     ; Stuck at VCC                                                                        ;
; baud_div[0]     ; Input  ; Info     ; Stuck at GND                                                                        ;
; uart_byte       ; Output ; Info     ; Connected to dangling logic. Logic that only feeds a dangling port will be removed. ;
; uart_byte_valid ; Output ; Info     ; Connected to dangling logic. Logic that only feeds a dangling port will be removed. ;
+-----------------+--------+----------+-------------------------------------------------------------------------------------+


+--------------------------------------------------------------------------------------------------------------------+
; Port Connectivity Checks: "test_signal_gen:u_test_signal_gen"                                                      ;
+----------+--------+----------+-------------------------------------------------------------------------------------+
; Port     ; Type   ; Severity ; Details                                                                             ;
+----------+--------+----------+-------------------------------------------------------------------------------------+
; test_din ; Output ; Info     ; Connected to dangling logic. Logic that only feeds a dangling port will be removed. ;
+----------+--------+----------+-------------------------------------------------------------------------------------+


+-----------------------------------------------+
; Port Connectivity Checks: "uart_rx:u_uart_rx" ;
+-------+-------+----------+--------------------+
; Port  ; Type  ; Severity ; Details            ;
+-------+-------+----------+--------------------+
; rst_n ; Input ; Info     ; Stuck at VCC       ;
+-------+-------+----------+--------------------+


+-----------------------------------------------------+
; Post-Synthesis Netlist Statistics for Top Partition ;
+-----------------------+-----------------------------+
; Type                  ; Count                       ;
+-----------------------+-----------------------------+
; boundary_port         ; 12                          ;
; cycloneiii_ff         ; 295                         ;
;     ENA               ; 133                         ;
;     ENA SCLR          ; 38                          ;
;     ENA SLD           ; 8                           ;
;     SCLR              ; 33                          ;
;     SLD               ; 1                           ;
;     plain             ; 82                          ;
; cycloneiii_lcell_comb ; 348                         ;
;     arith             ; 93                          ;
;         1 data inputs ; 3                           ;
;         2 data inputs ; 72                          ;
;         3 data inputs ; 18                          ;
;     normal            ; 255                         ;
;         0 data inputs ; 1                           ;
;         1 data inputs ; 5                           ;
;         2 data inputs ; 51                          ;
;         3 data inputs ; 67                          ;
;         4 data inputs ; 131                         ;
; cycloneiii_ram_block  ; 8                           ;
;                       ;                             ;
; Max LUT depth         ; 9.00                        ;
; Average LUT depth     ; 3.24                        ;
+-----------------------+-----------------------------+


+-------------------------------+
; Elapsed Time Per Partition    ;
+----------------+--------------+
; Partition Name ; Elapsed Time ;
+----------------+--------------+
; Top            ; 00:00:01     ;
+----------------+--------------+


+-------------------------------+
; Analysis & Synthesis Messages ;
+-------------------------------+
Info: *******************************************************************
Info: Running Quartus Prime Analysis & Synthesis
    Info: Version 20.1.1 Build 720 11/11/2020 SJ Lite Edition
    Info: Processing started: Fri Apr 24 08:42:52 2026
Info: Command: quartus_map --read_settings_files=on --write_settings_files=off logic_analyzer -c top
Warning (18236): Number of processors has not been specified which may cause overloading on shared machines.  Set the global assignment NUM_PARALLEL_PROCESSORS in your QSF to an appropriate value for best performance.
Info (20030): Parallel compilation is enabled and will use 16 of the 24 processors detected
Info (12021): Found 1 design units, including 1 entities, in source file edge_detect.v
    Info (12023): Found entity 1: edge_detect File: C:/Users/12751/Downloads/xwechat_files/wxid_vwwwbav4ynz622_3236/msg/file/2026-04/logic_analyzer_final/logic_analyzer_modified/edge_detect.v Line: 1
Info (12021): Found 1 design units, including 1 entities, in source file top.v
    Info (12023): Found entity 1: top File: C:/Users/12751/Downloads/xwechat_files/wxid_vwwwbav4ynz622_3236/msg/file/2026-04/logic_analyzer_final/logic_analyzer_modified/top.v Line: 1
Info (12021): Found 1 design units, including 1 entities, in source file clk_div.v
    Info (12023): Found entity 1: clk_div File: C:/Users/12751/Downloads/xwechat_files/wxid_vwwwbav4ynz622_3236/msg/file/2026-04/logic_analyzer_final/logic_analyzer_modified/clk_div.v Line: 1
Info (12021): Found 1 design units, including 1 entities, in source file input_sync.v
    Info (12023): Found entity 1: input_sync File: C:/Users/12751/Downloads/xwechat_files/wxid_vwwwbav4ynz622_3236/msg/file/2026-04/logic_analyzer_final/logic_analyzer_modified/input_sync.v Line: 1
Info (12021): Found 1 design units, including 1 entities, in source file sample_ram.v
    Info (12023): Found entity 1: sample_ram File: C:/Users/12751/Downloads/xwechat_files/wxid_vwwwbav4ynz622_3236/msg/file/2026-04/logic_analyzer_final/logic_analyzer_modified/sample_ram.v Line: 1
Info (12021): Found 1 design units, including 1 entities, in source file capture_ctrl.v
    Info (12023): Found entity 1: capture_ctrl File: C:/Users/12751/Downloads/xwechat_files/wxid_vwwwbav4ynz622_3236/msg/file/2026-04/logic_analyzer_final/logic_analyzer_modified/capture_ctrl.v Line: 1
Info (12021): Found 1 design units, including 1 entities, in source file uart_tx.v
    Info (12023): Found entity 1: uart_tx File: C:/Users/12751/Downloads/xwechat_files/wxid_vwwwbav4ynz622_3236/msg/file/2026-04/logic_analyzer_final/logic_analyzer_modified/uart_tx.v Line: 1
Info (12021): Found 1 design units, including 1 entities, in source file upload_ctrl.v
    Info (12023): Found entity 1: upload_ctrl File: C:/Users/12751/Downloads/xwechat_files/wxid_vwwwbav4ynz622_3236/msg/file/2026-04/logic_analyzer_final/logic_analyzer_modified/upload_ctrl.v Line: 1
Info (12021): Found 1 design units, including 1 entities, in source file trigger_ctrl.v
    Info (12023): Found entity 1: trigger_ctrl File: C:/Users/12751/Downloads/xwechat_files/wxid_vwwwbav4ynz622_3236/msg/file/2026-04/logic_analyzer_final/logic_analyzer_modified/trigger_ctrl.v Line: 1
Info (12021): Found 1 design units, including 1 entities, in source file uart_rx.v
    Info (12023): Found entity 1: uart_rx File: C:/Users/12751/Downloads/xwechat_files/wxid_vwwwbav4ynz622_3236/msg/file/2026-04/logic_analyzer_final/logic_analyzer_modified/uart_rx.v Line: 1
Info (12021): Found 1 design units, including 1 entities, in source file config_ctrl.v
    Info (12023): Found entity 1: config_ctrl File: C:/Users/12751/Downloads/xwechat_files/wxid_vwwwbav4ynz622_3236/msg/file/2026-04/logic_analyzer_final/logic_analyzer_modified/config_ctrl.v Line: 1
Info (12021): Found 1 design units, including 1 entities, in source file sim/tb_config_ctrl.v
    Info (12023): Found entity 1: tb_config_ctrl File: C:/Users/12751/Downloads/xwechat_files/wxid_vwwwbav4ynz622_3236/msg/file/2026-04/logic_analyzer_final/logic_analyzer_modified/sim/tb_config_ctrl.v Line: 3
Info (12021): Found 1 design units, including 1 entities, in source file uart_decoder.v
    Info (12023): Found entity 1: uart_decoder File: C:/Users/12751/Downloads/xwechat_files/wxid_vwwwbav4ynz622_3236/msg/file/2026-04/logic_analyzer_final/logic_analyzer_modified/uart_decoder.v Line: 1
Info (12021): Found 1 design units, including 1 entities, in source file spi_decoder.v
    Info (12023): Found entity 1: spi_decoder File: C:/Users/12751/Downloads/xwechat_files/wxid_vwwwbav4ynz622_3236/msg/file/2026-04/logic_analyzer_final/logic_analyzer_modified/spi_decoder.v Line: 1
Info (12021): Found 1 design units, including 1 entities, in source file tx_mux_ctrl.v
    Info (12023): Found entity 1: tx_mux_ctrl File: C:/Users/12751/Downloads/xwechat_files/wxid_vwwwbav4ynz622_3236/msg/file/2026-04/logic_analyzer_final/logic_analyzer_modified/tx_mux_ctrl.v Line: 1
Info (12127): Elaborating entity "top" for the top level hierarchy
Info (12128): Elaborating entity "uart_rx" for hierarchy "uart_rx:u_uart_rx" File: C:/Users/12751/Downloads/xwechat_files/wxid_vwwwbav4ynz622_3236/msg/file/2026-04/logic_analyzer_final/logic_analyzer_modified/top.v Line: 135
Info (12128): Elaborating entity "config_ctrl" for hierarchy "config_ctrl:u_config_ctrl" File: C:/Users/12751/Downloads/xwechat_files/wxid_vwwwbav4ynz622_3236/msg/file/2026-04/logic_analyzer_final/logic_analyzer_modified/top.v Line: 150
Info (12128): Elaborating entity "clk_div" for hierarchy "clk_div:u_clk_div" File: C:/Users/12751/Downloads/xwechat_files/wxid_vwwwbav4ynz622_3236/msg/file/2026-04/logic_analyzer_final/logic_analyzer_modified/top.v Line: 158
Warning (12125): Using design file test_signal_gen.v, which is not specified as a design file for the current project, but contains definitions for 1 design units and 1 entities in project
    Info (12023): Found entity 1: test_signal_gen File: C:/Users/12751/Downloads/xwechat_files/wxid_vwwwbav4ynz622_3236/msg/file/2026-04/logic_analyzer_final/logic_analyzer_modified/test_signal_gen.v Line: 1
Info (12128): Elaborating entity "test_signal_gen" for hierarchy "test_signal_gen:u_test_signal_gen" File: C:/Users/12751/Downloads/xwechat_files/wxid_vwwwbav4ynz622_3236/msg/file/2026-04/logic_analyzer_final/logic_analyzer_modified/top.v Line: 166
Info (12128): Elaborating entity "input_sync" for hierarchy "input_sync:u_input_sync" File: C:/Users/12751/Downloads/xwechat_files/wxid_vwwwbav4ynz622_3236/msg/file/2026-04/logic_analyzer_final/logic_analyzer_modified/top.v Line: 174
Info (12128): Elaborating entity "edge_detect" for hierarchy "edge_detect:u_edge_detect" File: C:/Users/12751/Downloads/xwechat_files/wxid_vwwwbav4ynz622_3236/msg/file/2026-04/logic_analyzer_final/logic_analyzer_modified/top.v Line: 183
Info (12128): Elaborating entity "trigger_ctrl" for hierarchy "trigger_ctrl:u_trigger_ctrl" File: C:/Users/12751/Downloads/xwechat_files/wxid_vwwwbav4ynz622_3236/msg/file/2026-04/logic_analyzer_final/logic_analyzer_modified/top.v Line: 199
Info (12128): Elaborating entity "capture_ctrl" for hierarchy "capture_ctrl:u_capture_ctrl" File: C:/Users/12751/Downloads/xwechat_files/wxid_vwwwbav4ynz622_3236/msg/file/2026-04/logic_analyzer_final/logic_analyzer_modified/top.v Line: 215
Info (12128): Elaborating entity "sample_ram" for hierarchy "sample_ram:u_sample_ram" File: C:/Users/12751/Downloads/xwechat_files/wxid_vwwwbav4ynz622_3236/msg/file/2026-04/logic_analyzer_final/logic_analyzer_modified/top.v Line: 225
Info (12128): Elaborating entity "upload_ctrl" for hierarchy "upload_ctrl:u_upload_ctrl" File: C:/Users/12751/Downloads/xwechat_files/wxid_vwwwbav4ynz622_3236/msg/file/2026-04/logic_analyzer_final/logic_analyzer_modified/top.v Line: 239
Info (12128): Elaborating entity "uart_tx" for hierarchy "uart_tx:u_uart_tx" File: C:/Users/12751/Downloads/xwechat_files/wxid_vwwwbav4ynz622_3236/msg/file/2026-04/logic_analyzer_final/logic_analyzer_modified/top.v Line: 250
Info (12128): Elaborating entity "uart_decoder" for hierarchy "uart_decoder:u_uart_decoder" File: C:/Users/12751/Downloads/xwechat_files/wxid_vwwwbav4ynz622_3236/msg/file/2026-04/logic_analyzer_final/logic_analyzer_modified/top.v Line: 260
Info (12128): Elaborating entity "spi_decoder" for hierarchy "spi_decoder:u_spi_decoder" File: C:/Users/12751/Downloads/xwechat_files/wxid_vwwwbav4ynz622_3236/msg/file/2026-04/logic_analyzer_final/logic_analyzer_modified/top.v Line: 272
Info (12128): Elaborating entity "tx_mux_ctrl" for hierarchy "tx_mux_ctrl:u_tx_mux_ctrl" File: C:/Users/12751/Downloads/xwechat_files/wxid_vwwwbav4ynz622_3236/msg/file/2026-04/logic_analyzer_final/logic_analyzer_modified/top.v Line: 293
Info (19000): Inferred 1 megafunctions from design logic
    Info (276029): Inferred altsyncram megafunction from the following design logic: "sample_ram:u_sample_ram|ram_rtl_0" 
        Info (286033): Parameter OPERATION_MODE set to DUAL_PORT
        Info (286033): Parameter WIDTH_A set to 8
        Info (286033): Parameter WIDTHAD_A set to 11
        Info (286033): Parameter NUMWORDS_A set to 2048
        Info (286033): Parameter WIDTH_B set to 8
        Info (286033): Parameter WIDTHAD_B set to 11
        Info (286033): Parameter NUMWORDS_B set to 2048
        Info (286033): Parameter ADDRESS_ACLR_A set to NONE
        Info (286033): Parameter OUTDATA_REG_B set to UNREGISTERED
        Info (286033): Parameter ADDRESS_ACLR_B set to NONE
        Info (286033): Parameter OUTDATA_ACLR_B set to NONE
        Info (286033): Parameter ADDRESS_REG_B set to CLOCK0
        Info (286033): Parameter INDATA_ACLR_A set to NONE
        Info (286033): Parameter WRCONTROL_ACLR_A set to NONE
        Info (286033): Parameter READ_DURING_WRITE_MODE_MIXED_PORTS set to OLD_DATA
Info (12130): Elaborated megafunction instantiation "sample_ram:u_sample_ram|altsyncram:ram_rtl_0"
Info (12133): Instantiated megafunction "sample_ram:u_sample_ram|altsyncram:ram_rtl_0" with the following parameter:
    Info (12134): Parameter "OPERATION_MODE" = "DUAL_PORT"
    Info (12134): Parameter "WIDTH_A" = "8"
    Info (12134): Parameter "WIDTHAD_A" = "11"
    Info (12134): Parameter "NUMWORDS_A" = "2048"
    Info (12134): Parameter "WIDTH_B" = "8"
    Info (12134): Parameter "WIDTHAD_B" = "11"
    Info (12134): Parameter "NUMWORDS_B" = "2048"
    Info (12134): Parameter "ADDRESS_ACLR_A" = "NONE"
    Info (12134): Parameter "OUTDATA_REG_B" = "UNREGISTERED"
    Info (12134): Parameter "ADDRESS_ACLR_B" = "NONE"
    Info (12134): Parameter "OUTDATA_ACLR_B" = "NONE"
    Info (12134): Parameter "ADDRESS_REG_B" = "CLOCK0"
    Info (12134): Parameter "INDATA_ACLR_A" = "NONE"
    Info (12134): Parameter "WRCONTROL_ACLR_A" = "NONE"
    Info (12134): Parameter "READ_DURING_WRITE_MODE_MIXED_PORTS" = "OLD_DATA"
Info (12021): Found 1 design units, including 1 entities, in source file db/altsyncram_03h1.tdf
    Info (12023): Found entity 1: altsyncram_03h1 File: C:/Users/12751/Downloads/xwechat_files/wxid_vwwwbav4ynz622_3236/msg/file/2026-04/logic_analyzer_final/logic_analyzer_modified/db/altsyncram_03h1.tdf Line: 28
Info (286030): Timing-Driven Synthesis is running
Info (17049): 38 registers lost all their fanouts during netlist optimizations.
Info (16010): Generating hard_block partition "hard_block:auto_generated_inst"
    Info (16011): Adding 0 node(s), including 0 DDIO, 0 PLL, 0 transceiver and 0 LCELL
Warning (21074): Design contains 1 input pin(s) that do not drive logic
    Warning (15610): No output dependent on input pin "rst_n" File: C:/Users/12751/Downloads/xwechat_files/wxid_vwwwbav4ynz622_3236/msg/file/2026-04/logic_analyzer_final/logic_analyzer_modified/top.v Line: 3
Info (21057): Implemented 501 device resources after synthesis - the final resource count might be different
    Info (21058): Implemented 11 input pins
    Info (21059): Implemented 1 output pins
    Info (21061): Implemented 481 logic cells
    Info (21064): Implemented 8 RAM segments
Info: Quartus Prime Analysis & Synthesis was successful. 0 errors, 4 warnings
    Info: Peak virtual memory: 4860 megabytes
    Info: Processing ended: Fri Apr 24 08:43:17 2026
    Info: Elapsed time: 00:00:25
    Info: Total CPU time (on all processors): 00:00:15


